{"logTime": "0417/062038", "correlationVector":"LyfwLX/uucpjOqMVV4v+tk.1","action":"SyncServerConnectionManagerRequest", "result":"SYNC_SERVER_OK", "context":{"environment":"Prod_southeastasia_prod-s01-065-apac-southeastasia", "migrationStage":"NotStarted", "server":"akswtt00600003l"}}
{"logTime": "0417/062038", "correlationVector":"LyfwLX/uucpjOqMVV4v+tk.2","action":"ProcessGetUpdates", "result":"Done", "context":{"dataType":"Encryption Keys", "deleted":"0", "process_failed_to_decrypt":"0", "process_pending_decryption":"0", "process_success":"1", "total":"1"}}
{"logTime": "0417/062038", "correlationVector":"xaeE8RlyHapslzHWIALSm7","action":"SyncServerConnectionManagerRequest", "result":"SYNC_SERVER_OK", "context":{"environment":"", "migrationStage":"", "server":""}}
{"logTime": "0417/062038", "correlationVector":"xaeE8RlyHapslzHWIALSm7.0","action":"EncryptionKeysFetcher.DownloadKeys:", "result":"Success", "context":Key count: 2, Last key timestamp: 2024-12-16T13:22:00Z}
{"logTime": "0417/062038", "correlationVector":"xaeE8RlyHapslzHWIALSm7.1","action":"EncryptionKeysManager::SetEncryptionKeys:", "result":"Success", "context":Key names[2]:[4fpyVq9sJWzzvHDr2T67+YM+vcVFuPrtdpxzfXjAIam+30sdVlXcAHn+OF6pWFdEsO6BuFlw7cZAbMzr7hagwg==][jRRfaqe90z5h6VKzfA0P6DjnlluCJ4GHMNoQdpvbhkGuqtLx90NKWqiAoJ4Li3OvqzK8yYdU/u/VAn0k4gXxaw==]}
{"logTime": "0417/062038", "correlationVector":"xaeE8RlyHapslzHWIALSm7.2","action":"EncryptionKeysManager::SetEncryptionKeysWithTimestamps:", "result":"Success", "context":Key timestamps[2]:[2024-06-19T07:03:58Z][2024-12-16T13:22:00Z]}
{"logTime": "0417/062038", "correlationVector":"LyfwLX/uucpjOqMVV4v+tk","action":"Initial GetUpdates", "result":"", "context":Reason: NEW_CLIENT. cV=LyfwLX/uucpjOqMVV4v+tk}
{"logTime": "0417/062038", "correlationVector":"LyfwLX/uucpjOqMVV4v+tk.3","action":"GetUpdates Response", "result":"Success", "context":Received 1 update(s). cV=LyfwLX/uucpjOqMVV4v+tk.0;server=akswtt00600003l;cloudType=Consumer;environment=Prod_southeastasia_prod-s01-065-apac-southeastasia;migrationStage=NotStarted}
{"logTime": "0417/062038", "correlationVector":"xqs/nPUaFtPvkkiYqY9BSw","action":"Initial GetUpdates", "result":"", "context":Reason: NEWLY_SUPPORTED_DATATYPE. cV=xqs/nPUaFtPvkkiYqY9BSw}
{"logTime": "0417/062039", "correlationVector":"xqs/nPUaFtPvkkiYqY9BSw.1","action":"SyncServerConnectionManagerRequest", "result":"SYNC_SERVER_OK", "context":{"environment":"Prod_southindia_prod-s01-004-apac-southindia", "migrationStage":"NotStarted", "server":"akswtt01100002v"}}
{"logTime": "0417/062039", "correlationVector":"xqs/nPUaFtPvkkiYqY9BSw.2","action":"ProcessGetUpdates", "result":"Done", "context":{"dataType":"Preferences", "deleted":"0", "process_failed_to_decrypt":"0", "process_pending_decryption":"0", "process_success":"56", "total":"56"}}
{"logTime": "0417/062039", "correlationVector":"xqs/nPUaFtPvkkiYqY9BSw.3","action":"ProcessGetUpdates", "result":"Done", "context":{"dataType":"Device Info", "deleted":"0", "process_failed_to_decrypt":"0", "process_pending_decryption":"0", "process_success":"45", "total":"45"}}
{"logTime": "0417/062039", "correlationVector":"xqs/nPUaFtPvkkiYqY9BSw.4","action":"GetUpdates Response", "result":"Success", "context":Received 101 update(s). cV=xqs/nPUaFtPvkkiYqY9BSw.0;server=akswtt01100002v;cloudType=Consumer;environment=Prod_southindia_prod-s01-004-apac-southindia;migrationStage=NotStarted}
{"logTime": "0417/062039", "correlationVector":"d5FAFOmBaEIG6wD2ctjqlb","action":"Initial GetUpdates", "result":"", "context":Reason: NEWLY_SUPPORTED_DATATYPE. cV=d5FAFOmBaEIG6wD2ctjqlb}
{"logTime": "0417/062040", "correlationVector":"d5FAFOmBaEIG6wD2ctjqlb.1","action":"SyncServerConnectionManagerRequest", "result":"SYNC_SERVER_OK", "context":{"environment":"Prod_southindia_prod-s01-004-apac-southindia", "migrationStage":"NotStarted", "server":"akswtt011000039"}}
{"logTime": "0417/062040", "correlationVector":"d5FAFOmBaEIG6wD2ctjqlb.2","action":"ProcessGetUpdates", "result":"Done", "context":{"dataType":"Bookmarks", "deleted":"1", "process_failed_to_decrypt":"0", "process_pending_decryption":"0", "process_success":"12", "total":"12"}}
{"logTime": "0417/062040", "correlationVector":"d5FAFOmBaEIG6wD2ctjqlb.3","action":"GetUpdates Response", "result":"Success", "context":Received 12 update(s). cV=d5FAFOmBaEIG6wD2ctjqlb.0;server=akswtt011000039;cloudType=Consumer;environment=Prod_southindia_prod-s01-004-apac-southindia;migrationStage=NotStarted}
{"logTime": "0417/062040", "correlationVector":"yvXMwc58J810pwhgSrOOJg","action":"Initial GetUpdates", "result":"", "context":Reason: NEWLY_SUPPORTED_DATATYPE. cV=yvXMwc58J810pwhgSrOOJg}
{"logTime": "0417/062041", "correlationVector":"yvXMwc58J810pwhgSrOOJg.1","action":"SyncServerConnectionManagerRequest", "result":"SYNC_SERVER_OK", "context":{"environment":"Prod_southindia_prod-s01-004-apac-southindia", "migrationStage":"NotStarted", "server":"akswtt01100001u"}}
{"logTime": "0417/062041", "correlationVector":"yvXMwc58J810pwhgSrOOJg.2","action":"ProcessGetUpdates", "result":"Done", "context":{"dataType":"Autofill Profiles", "deleted":"0", "process_failed_to_decrypt":"0", "process_pending_decryption":"0", "process_success":"3", "total":"3"}}
{"logTime": "0417/062041", "correlationVector":"yvXMwc58J810pwhgSrOOJg.3","action":"ProcessGetUpdates", "result":"Done", "context":{"dataType":"Autofill", "deleted":"0", "process_failed_to_decrypt":"0", "process_pending_decryption":"0", "process_success":"8", "total":"8"}}
{"logTime": "0417/062041", "correlationVector":"yvXMwc58J810pwhgSrOOJg.4","action":"ProcessGetUpdates", "result":"Done", "context":{"dataType":"Sessions", "deleted":"221", "process_failed_to_decrypt":"0", "process_pending_decryption":"0", "process_success":"221", "total":"221"}}
{"logTime": "0417/062041", "correlationVector":"yvXMwc58J810pwhgSrOOJg.5","action":"ProcessGetUpdates", "result":"Done", "context":{"dataType":"Saved Tab Group", "deleted":"0", "process_failed_to_decrypt":"0", "process_pending_decryption":"0", "process_success":"1", "total":"1"}}
{"logTime": "0417/062041", "correlationVector":"yvXMwc58J810pwhgSrOOJg.6","action":"ProcessGetUpdates", "result":"Done", "context":{"dataType":"Edge Hub App Usage", "deleted":"3", "process_failed_to_decrypt":"0", "process_pending_decryption":"0", "process_success":"16", "total":"16"}}
{"logTime": "0417/062041", "correlationVector":"yvXMwc58J810pwhgSrOOJg.7","action":"ProcessGetUpdates", "result":"Done", "context":{"dataType":"Edge Tab Group", "deleted":"0", "process_failed_to_decrypt":"0", "process_pending_decryption":"0", "process_success":"1", "total":"1"}}
{"logTime": "0417/062041", "correlationVector":"yvXMwc58J810pwhgSrOOJg.8","action":"GetUpdates Response", "result":"Success", "context":Received 250 update(s). cV=yvXMwc58J810pwhgSrOOJg.0;server=akswtt01100001u;cloudType=Consumer;environment=Prod_southindia_prod-s01-004-apac-southindia;migrationStage=NotStarted Some updates remain.}
{"logTime": "0417/062041", "correlationVector":"NuanA2SNYswT6aax+j1tN1","action":"Initial GetUpdates", "result":"", "context":Reason: NEWLY_SUPPORTED_DATATYPE. cV=NuanA2SNYswT6aax+j1tN1}
{"logTime": "0417/062041", "correlationVector":"NuanA2SNYswT6aax+j1tN1.1","action":"SyncServerConnectionManagerRequest", "result":"SYNC_SERVER_OK", "context":{"environment":"Prod_southindia_prod-s01-004-apac-southindia", "migrationStage":"NotStarted", "server":"akswtt01100002e"}}
{"logTime": "0417/062041", "correlationVector":"NuanA2SNYswT6aax+j1tN1.2","action":"ProcessGetUpdates", "result":"Done", "context":{"dataType":"Autofill Profiles", "deleted":"0", "process_failed_to_decrypt":"0", "process_pending_decryption":"0", "process_success":"1", "total":"1"}}
{"logTime": "0417/062041", "correlationVector":"NuanA2SNYswT6aax+j1tN1.3","action":"ProcessGetUpdates", "result":"Done", "context":{"dataType":"Sessions", "deleted":"19", "process_failed_to_decrypt":"0", "process_pending_decryption":"0", "process_success":"21", "total":"21"}}
{"logTime": "0417/062041", "correlationVector":"NuanA2SNYswT6aax+j1tN1.4","action":"ProcessGetUpdates", "result":"Done", "context":{"dataType":"Saved Tab Group", "deleted":"0", "process_failed_to_decrypt":"0", "process_pending_decryption":"0", "process_success":"2", "total":"2"}}
{"logTime": "0417/062041", "correlationVector":"NuanA2SNYswT6aax+j1tN1.5","action":"GetUpdates Response", "result":"Success", "context":Received 24 update(s). cV=NuanA2SNYswT6aax+j1tN1.0;server=akswtt01100002e;cloudType=Consumer;environment=Prod_southindia_prod-s01-004-apac-southindia;migrationStage=NotStarted}
{"logTime": "0417/062041", "correlationVector":"PY2vVHeEKNYE4NZ+OtsEEV","action":"Initial GetUpdates", "result":"", "context":Reason: NEWLY_SUPPORTED_DATATYPE. cV=PY2vVHeEKNYE4NZ+OtsEEV}
{"logTime": "0417/062042", "correlationVector":"PY2vVHeEKNYE4NZ+OtsEEV.1","action":"SyncServerConnectionManagerRequest", "result":"SYNC_SERVER_OK", "context":{"environment":"Prod_southindia_prod-s01-004-apac-southindia", "migrationStage":"NotStarted", "server":"akswtt011000050"}}
{"logTime": "0417/062042", "correlationVector":"PY2vVHeEKNYE4NZ+OtsEEV.2","action":"ProcessGetUpdates", "result":"Done", "context":{"dataType":"History", "deleted":"0", "process_failed_to_decrypt":"0", "process_pending_decryption":"0", "process_success":"250", "total":"250"}}
{"logTime": "0417/062042", "correlationVector":"PY2vVHeEKNYE4NZ+OtsEEV.3","action":"GetUpdates Response", "result":"Success", "context":Received 250 update(s). cV=PY2vVHeEKNYE4NZ+OtsEEV.0;server=akswtt011000050;cloudType=Consumer;environment=Prod_southindia_prod-s01-004-apac-southindia;migrationStage=NotStarted Some updates remain.}
{"logTime": "0417/062042", "correlationVector":"dig+BT18Rrjh/3wlkR9uS7","action":"Initial GetUpdates", "result":"", "context":Reason: NEWLY_SUPPORTED_DATATYPE. cV=dig+BT18Rrjh/3wlkR9uS7}
{"logTime": "0417/062042", "correlationVector":"dig+BT18Rrjh/3wlkR9uS7.1","action":"SyncServerConnectionManagerRequest", "result":"SYNC_SERVER_OK", "context":{"environment":"Prod_southindia_prod-s01-004-apac-southindia", "migrationStage":"NotStarted", "server":"akswtt01100000t"}}
{"logTime": "0417/062042", "correlationVector":"dig+BT18Rrjh/3wlkR9uS7.2","action":"ProcessGetUpdates", "result":"Done", "context":{"dataType":"History", "deleted":"0", "process_failed_to_decrypt":"0", "process_pending_decryption":"0", "process_success":"110", "total":"110"}}
{"logTime": "0417/062042", "correlationVector":"dig+BT18Rrjh/3wlkR9uS7.3","action":"GetUpdates Response", "result":"Success", "context":Received 110 update(s). cV=dig+BT18Rrjh/3wlkR9uS7.0;server=akswtt01100000t;cloudType=Consumer;environment=Prod_southindia_prod-s01-004-apac-southindia;migrationStage=NotStarted}
{"logTime": "0417/062042", "correlationVector":"CnGH9TDWKQBSv7cVVOaWEQ","action":"Normal GetUpdate request", "result":"", "context":cV=CnGH9TDWKQBSv7cVVOaWEQ
Nudged types: Bookmarks, Sessions, Device Info, User Consents
Refresh requested types: Bookmarks, Preferences, Passwords, Autofill Profiles, Autofill, Extensions, Sessions, Extension settings, History Delete Directives, Device Info, User Consents, Send Tab To Self, Web Apps, History, Saved Tab Group, Collection, Edge E Drop, Edge Hub App Usage, Edge Tab Group, Edge Wallet, Encryption Keys}
{"logTime": "0417/062043", "correlationVector":"CnGH9TDWKQBSv7cVVOaWEQ.1","action":"SyncServerConnectionManagerRequest", "result":"SYNC_SERVER_OK", "context":{"environment":"Prod_southindia_prod-s01-004-apac-southindia", "migrationStage":"NotStarted", "server":"akswtt011000052"}}
{"logTime": "0417/062043", "correlationVector":"CnGH9TDWKQBSv7cVVOaWEQ.2","action":"GetUpdates Response", "result":"Success", "context":Received 0 update(s). cV=CnGH9TDWKQBSv7cVVOaWEQ.0;server=akswtt011000052;cloudType=Consumer;environment=Prod_southindia_prod-s01-004-apac-southindia;migrationStage=NotStarted}
{"logTime": "0417/062043", "correlationVector":"IdAlhuRiS/E7oV38H6zfDa","action":"Commit Request", "result":"", "context":Item count: 8
Contributing types: Bookmarks, Sessions, Device Info, User Consents}
{"logTime": "0417/062044", "correlationVector":"IdAlhuRiS/E7oV38H6zfDa.1","action":"SyncServerConnectionManagerRequest", "result":"SYNC_SERVER_OK", "context":{"environment":"Prod_southindia_prod-s01-004-apac-southindia", "migrationStage":"NotStarted", "server":"akswtt01100000t"}}
{"logTime": "0417/062044", "correlationVector":"IdAlhuRiS/E7oV38H6zfDa.2","action":"Commit Response", "result":"Success", "context":Result: Success. cV=IdAlhuRiS/E7oV38H6zfDa.0;server=akswtt01100000t;cloudType=Consumer;environment=Prod_southindia_prod-s01-004-apac-southindia;migrationStage=NotStarted}
{"logTime": "0417/062044", "correlationVector":"lNGpz2qSvm8kgaqS5JzPTS","action":"Commit Request", "result":"", "context":Item count: 2
Contributing types: Sessions, History}
{"logTime": "0417/062044", "correlationVector":"lNGpz2qSvm8kgaqS5JzPTS.1","action":"SyncServerConnectionManagerRequest", "result":"SYNC_SERVER_OK", "context":{"environment":"Prod_southindia_prod-s01-004-apac-southindia", "migrationStage":"NotStarted", "server":"akswtt01100001h"}}
{"logTime": "0417/062044", "correlationVector":"lNGpz2qSvm8kgaqS5JzPTS.2","action":"Commit Response", "result":"Success", "context":Result: Success. cV=lNGpz2qSvm8kgaqS5JzPTS.0;server=akswtt01100001h;cloudType=Consumer;environment=Prod_southindia_prod-s01-004-apac-southindia;migrationStage=NotStarted}
